<?xml version="1.0" encoding="UTF-8"?>
<!-- Generated by org.testng.reporters.JUnitReportReporter -->
<testsuite hostname="Gateway-of-India" failures="0" tests="1" name="TestngScripts.Annotations" time="0.019" errors="0" timestamp="2023-07-14T10:19:06 IST" skipped="0">
  <testcase classname="TestngScripts.Annotations" name="createCustomer" time="0.019">
    <system-out>
      <![CDATA[customer created successfully]]>
    </system-out>
  </testcase> <!-- createCustomer -->
  <system-out>
    <![CDATA[database connected
browser is launched
logged in successfully
customer created successfully
logout successfully
Browser closed successfully
database disconnected ]]>
  </system-out>
</testsuite> <!-- TestngScripts.Annotations -->
