<?xml version="1.0" encoding="UTF-8"?>
<!-- Generated by org.testng.reporters.JUnitReportReporter -->
<testsuite hostname="Gateway-of-India" failures="0" tests="2" name="TestngScripts.Mumbai" time="21.090" errors="0" timestamp="2023-07-14T11:26:08 IST" skipped="0">
  <testcase classname="TestngScripts.Mumbai" name="Dhoni" time="7.408">
    <system-out>
      <![CDATA[Captain Cool]]>
    </system-out>
  </testcase> <!-- Dhoni -->
  <testcase classname="TestngScripts.Mumbai" name="MayaNagiri" time="13.682">
    <system-out>
      <![CDATA[mumbai is dream city]]>
    </system-out>
  </testcase> <!-- MayaNagiri -->
  <system-out>
    <![CDATA[database connected
browser is launched
logged in successfully
Captain Cool
logout successfully
logged in successfully
mumbai is dream city
logout successfully
Browser closed successfully
database disconnected ]]>
  </system-out>
</testsuite> <!-- TestngScripts.Mumbai -->
