<?xml version="1.0" encoding="UTF-8"?>
<!-- Generated by org.testng.reporters.JUnitReportReporter -->
<testsuite hostname="Gateway-of-India" failures="0" tests="8" name="TestngScripts.CreateCustomer" time="0.065" errors="0" timestamp="2023-07-13T10:34:30 IST" skipped="1">
  <testcase classname="TestngScripts.CreateCustomer" name="modifyCustomer" time="0.020">
    <system-out>
      <![CDATA[customer modified]]>
    </system-out>
  </testcase> <!-- modifyCustomer -->
  <testcase classname="TestngScripts.CreateCustomer" name="editCustomer" time="0.010">
    <system-out>
      <![CDATA[customer edited]]>
    </system-out>
  </testcase> <!-- editCustomer -->
  <testcase classname="TestngScripts.CreateCustomer" name="createCustomer" time="0.003">
    <system-out>
      <![CDATA[customer created]]>
    </system-out>
  </testcase> <!-- createCustomer -->
  <testcase classname="TestngScripts.CreateCustomer" name="createCustomer" time="0.010">
    <system-out>
      <![CDATA[customer created]]>
    </system-out>
  </testcase> <!-- createCustomer -->
  <testcase classname="TestngScripts.CreateCustomer" name="createCustomer" time="0.008">
    <system-out>
      <![CDATA[customer created]]>
    </system-out>
  </testcase> <!-- createCustomer -->
  <testcase classname="TestngScripts.CreateCustomer" name="createCustomer" time="0.011">
    <system-out>
      <![CDATA[customer created]]>
    </system-out>
  </testcase> <!-- createCustomer -->
  <testcase classname="TestngScripts.CreateCustomer" name="createCustomer" time="0.003">
    <system-out>
      <![CDATA[customer created]]>
    </system-out>
  </testcase> <!-- createCustomer -->
  <testcase classname="TestngScripts.CreateCustomer" name="deleteCustomer">
    <skipped/>
  </testcase> <!-- deleteCustomer -->
  <system-out>
    <![CDATA[customer modified
customer edited
customer created
customer created
customer created
customer created
customer created
customer modified
customer edited
customer modified
customer edited
customer created
customer created
customer created
customer created
customer created
customer modified
customer edited
customer created
customer created
customer created
customer created
customer created]]>
  </system-out>
</testsuite> <!-- TestngScripts.CreateCustomer -->
